g:\opengl\startingcode\myproj\release\myproj.pch
g:\opengl\startingcode\myproj\release\stdafx.obj
g:\opengl\startingcode\myproj\release\vc110.pdb
g:\opengl\startingcode\myproj\release\vector3d.obj
g:\opengl\startingcode\myproj\release\shaders.obj
g:\opengl\startingcode\myproj\release\point3d.obj
g:\opengl\startingcode\myproj\release\mytexture.obj
g:\opengl\startingcode\myproj\release\myproj.obj
g:\opengl\startingcode\myproj\release\main.obj
g:\opengl\startingcode\release\myproj.exe
g:\opengl\startingcode\release\myproj.pdb
f:\cours\esiee\2eme annee\algo geométrique\opengl\startingcode\myproj\release\myproj.pch
f:\cours\esiee\2eme annee\algo geométrique\opengl\startingcode\myproj\release\vc120.pdb
f:\cours\esiee\2eme annee\algo geométrique\opengl\startingcode\myproj\release\stdafx.obj
f:\cours\esiee\2eme annee\algo geométrique\opengl\startingcode\myproj\release\vector3d.obj
f:\cours\esiee\2eme annee\algo geométrique\opengl\startingcode\myproj\release\shaders.obj
f:\cours\esiee\2eme annee\algo geométrique\opengl\startingcode\myproj\release\point3d.obj
f:\cours\esiee\2eme annee\algo geométrique\opengl\startingcode\myproj\release\mytexture.obj
f:\cours\esiee\2eme annee\algo geométrique\opengl\startingcode\myproj\release\myproj.obj
f:\cours\esiee\2eme annee\algo geométrique\opengl\startingcode\myproj\release\main.obj
f:\cours\esiee\2eme annee\algo geométrique\opengl\startingcode\release\myproj.exe
f:\cours\esiee\2eme annee\algo geométrique\opengl\startingcode\release\myproj.pdb
f:\cours\esiee\2eme annee\algo geométrique\opengl\startingcode\myproj\release\cl.command.1.tlog
f:\cours\esiee\2eme annee\algo geométrique\opengl\startingcode\myproj\release\cl.read.1.tlog
f:\cours\esiee\2eme annee\algo geométrique\opengl\startingcode\myproj\release\cl.write.1.tlog
f:\cours\esiee\2eme annee\algo geométrique\opengl\startingcode\myproj\release\link-cvtres.read.1.tlog
f:\cours\esiee\2eme annee\algo geométrique\opengl\startingcode\myproj\release\link-cvtres.write.1.tlog
f:\cours\esiee\2eme annee\algo geométrique\opengl\startingcode\myproj\release\link-rc.read.1.tlog
f:\cours\esiee\2eme annee\algo geométrique\opengl\startingcode\myproj\release\link-rc.write.1.tlog
f:\cours\esiee\2eme annee\algo geométrique\opengl\startingcode\myproj\release\link.command.1.tlog
f:\cours\esiee\2eme annee\algo geométrique\opengl\startingcode\myproj\release\link.read.1.tlog
f:\cours\esiee\2eme annee\algo geométrique\opengl\startingcode\myproj\release\link.read.2.tlog
f:\cours\esiee\2eme annee\algo geométrique\opengl\startingcode\myproj\release\link.read.3.tlog
f:\cours\esiee\2eme annee\algo geométrique\opengl\startingcode\myproj\release\link.read.4.tlog
f:\cours\esiee\2eme annee\algo geométrique\opengl\startingcode\myproj\release\link.read.5.tlog
f:\cours\esiee\2eme annee\algo geométrique\opengl\startingcode\myproj\release\link.write.1.tlog
f:\cours\esiee\2eme annee\algo geométrique\opengl\startingcode\myproj\release\vc110.pdb
f:\cours\esiee\2eme annee\algo geométrique\opengl\startingcode\myproj\release\myproj.tlog\cl.command.1.tlog
f:\cours\esiee\2eme annee\algo geométrique\opengl\startingcode\myproj\release\myproj.tlog\cl.read.1.tlog
f:\cours\esiee\2eme annee\algo geométrique\opengl\startingcode\myproj\release\myproj.tlog\cl.write.1.tlog
f:\cours\esiee\2eme annee\algo geométrique\opengl\startingcode\myproj\release\myproj.tlog\link.command.1.tlog
f:\cours\esiee\2eme annee\algo geométrique\opengl\startingcode\myproj\release\myproj.tlog\link.read.1.tlog
f:\cours\esiee\2eme annee\algo geométrique\opengl\startingcode\myproj\release\myproj.tlog\link.write.1.tlog
