U:\ALGO GEOMETRIQUE\OPENGL\STARTINGCODE\MYPROJ\DEBUG\MYPROJ.PCH
U:\ALGO GEOMETRIQUE\OPENGL\STARTINGCODE\MYPROJ\DEBUG\STDAFX.OBJ
U:\ALGO GEOMETRIQUE\OPENGL\STARTINGCODE\MYPROJ\DEBUG\VC110.PDB
U:\ALGO GEOMETRIQUE\OPENGL\STARTINGCODE\MYPROJ\DEBUG\MAIN.OBJ
U:\ALGO GEOMETRIQUE\OPENGL\STARTINGCODE\MYPROJ\DEBUG\MYPROJ.OBJ
U:\ALGO GEOMETRIQUE\OPENGL\STARTINGCODE\MYPROJ\DEBUG\POINT3D.OBJ
U:\ALGO GEOMETRIQUE\OPENGL\STARTINGCODE\MYPROJ\DEBUG\SHADERS.OBJ
U:\ALGO GEOMETRIQUE\OPENGL\STARTINGCODE\MYPROJ\DEBUG\VECTOR3D.OBJ
U:\ALGO GEOMETRIQUE\OPENGL\STARTINGCODE\DEBUG\MYPROJ.ILK
U:\ALGO GEOMETRIQUE\OPENGL\STARTINGCODE\DEBUG\MYPROJ.EXE
U:\ALGO GEOMETRIQUE\OPENGL\STARTINGCODE\DEBUG\MYPROJ.PDB
U:\Algo Geometrique\OPENGL\startingcode\myproj\Debug\stdafx.obj
U:\Algo Geometrique\OPENGL\startingcode\myproj\Debug\main.obj
U:\Algo Geometrique\OPENGL\startingcode\myproj\Debug\myproj.obj
U:\Algo Geometrique\OPENGL\startingcode\myproj\Debug\point3d.obj
U:\Algo Geometrique\OPENGL\startingcode\myproj\Debug\shaders.obj
U:\Algo Geometrique\OPENGL\startingcode\myproj\Debug\vector3d.obj
U:\Algo Geometrique\OPENGL\startingcode\myproj\Debug\CL.read.1.tlog
U:\Algo Geometrique\OPENGL\startingcode\myproj\Debug\CL.write.1.tlog
U:\Algo Geometrique\OPENGL\startingcode\myproj\Debug\cl.command.1.tlog
U:\Algo Geometrique\OPENGL\startingcode\myproj\Debug\link-rc.read.1.tlog
U:\Algo Geometrique\OPENGL\startingcode\myproj\Debug\link-rc.write.1.tlog
U:\Algo Geometrique\OPENGL\startingcode\myproj\Debug\link-cvtres.read.1.tlog
U:\Algo Geometrique\OPENGL\startingcode\myproj\Debug\link-cvtres.write.1.tlog
U:\Algo Geometrique\OPENGL\startingcode\myproj\Debug\link.read.1.tlog
U:\Algo Geometrique\OPENGL\startingcode\myproj\Debug\link.write.1.tlog
U:\Algo Geometrique\OPENGL\startingcode\myproj\Debug\link.command.1.tlog
U:\Algo Geometrique\OPENGL\startingcode\myproj\Debug\link.1780-rc.read.1.tlog
U:\Algo Geometrique\OPENGL\startingcode\myproj\Debug\link.1780-rc.write.1.tlog
U:\Algo Geometrique\OPENGL\startingcode\myproj\Debug\link.1780-cvtres.read.1.tlog
U:\Algo Geometrique\OPENGL\startingcode\myproj\Debug\link.1780-cvtres.write.1.tlog
U:\Algo Geometrique\OPENGL\startingcode\myproj\Debug\link.1780.read.1.tlog
U:\Algo Geometrique\OPENGL\startingcode\myproj\Debug\link.1780.write.1.tlog
U:\Algo Geometrique\OPENGL\startingcode\myproj\Debug\link.3832-rc.read.1.tlog
U:\Algo Geometrique\OPENGL\startingcode\myproj\Debug\link.3832-rc.write.1.tlog
U:\Algo Geometrique\OPENGL\startingcode\myproj\Debug\link.3832-cvtres.read.1.tlog
U:\Algo Geometrique\OPENGL\startingcode\myproj\Debug\link.3832-cvtres.write.1.tlog
U:\Algo Geometrique\OPENGL\startingcode\myproj\Debug\link.3832.read.1.tlog
U:\Algo Geometrique\OPENGL\startingcode\myproj\Debug\link.3832.write.1.tlog
U:\Algo Geometrique\OPENGL\startingcode\myproj\Debug\link.5200-rc.read.1.tlog
U:\Algo Geometrique\OPENGL\startingcode\myproj\Debug\link.5200-rc.write.1.tlog
U:\Algo Geometrique\OPENGL\startingcode\myproj\Debug\link.5200-cvtres.read.1.tlog
U:\Algo Geometrique\OPENGL\startingcode\myproj\Debug\link.5200-cvtres.write.1.tlog
U:\Algo Geometrique\OPENGL\startingcode\myproj\Debug\link.5200.read.1.tlog
U:\Algo Geometrique\OPENGL\startingcode\myproj\Debug\link.5200.write.1.tlog
U:\Algo Geometrique\OPENGL\startingcode\myproj\Debug\link.1104-rc.read.1.tlog
U:\Algo Geometrique\OPENGL\startingcode\myproj\Debug\link.1104-rc.write.1.tlog
U:\Algo Geometrique\OPENGL\startingcode\myproj\Debug\link.1104-cvtres.read.1.tlog
U:\Algo Geometrique\OPENGL\startingcode\myproj\Debug\link.1104-cvtres.write.1.tlog
U:\Algo Geometrique\OPENGL\startingcode\myproj\Debug\link.1104.read.1.tlog
U:\Algo Geometrique\OPENGL\startingcode\myproj\Debug\link.1104.write.1.tlog
U:\Algo Geometrique\OPENGL\startingcode\myproj\Debug\link.7136-rc.read.1.tlog
U:\Algo Geometrique\OPENGL\startingcode\myproj\Debug\link.7136-rc.write.1.tlog
U:\Algo Geometrique\OPENGL\startingcode\myproj\Debug\link.7136-cvtres.read.1.tlog
U:\Algo Geometrique\OPENGL\startingcode\myproj\Debug\link.7136-cvtres.write.1.tlog
U:\Algo Geometrique\OPENGL\startingcode\myproj\Debug\link.7136.read.1.tlog
U:\Algo Geometrique\OPENGL\startingcode\myproj\Debug\link.7136.write.1.tlog
U:\Algo Geometrique\OPENGL\startingcode\myproj\Debug\link.4776-rc.read.1.tlog
U:\Algo Geometrique\OPENGL\startingcode\myproj\Debug\link.4776-rc.write.1.tlog
U:\Algo Geometrique\OPENGL\startingcode\myproj\Debug\link.4776-cvtres.read.1.tlog
U:\Algo Geometrique\OPENGL\startingcode\myproj\Debug\link.4776-cvtres.write.1.tlog
U:\Algo Geometrique\OPENGL\startingcode\myproj\Debug\link.4776.read.1.tlog
U:\Algo Geometrique\OPENGL\startingcode\myproj\Debug\link.4776.write.1.tlog
U:\Algo Geometrique\OPENGL\startingcode\myproj\Debug\link.1084-rc.read.1.tlog
U:\Algo Geometrique\OPENGL\startingcode\myproj\Debug\link.1084-rc.write.1.tlog
U:\Algo Geometrique\OPENGL\startingcode\myproj\Debug\link.1084-cvtres.read.1.tlog
U:\Algo Geometrique\OPENGL\startingcode\myproj\Debug\link.1084-cvtres.write.1.tlog
U:\Algo Geometrique\OPENGL\startingcode\myproj\Debug\link.1084.read.1.tlog
U:\Algo Geometrique\OPENGL\startingcode\myproj\Debug\link.1084.write.1.tlog
U:\Algo Geometrique\OPENGL\startingcode\myproj\Debug\link.6620-rc.read.1.tlog
U:\Algo Geometrique\OPENGL\startingcode\myproj\Debug\link.6620-rc.write.1.tlog
U:\Algo Geometrique\OPENGL\startingcode\myproj\Debug\link.6620-cvtres.read.1.tlog
U:\Algo Geometrique\OPENGL\startingcode\myproj\Debug\link.6620-cvtres.write.1.tlog
U:\Algo Geometrique\OPENGL\startingcode\myproj\Debug\link.6620.read.1.tlog
U:\Algo Geometrique\OPENGL\startingcode\myproj\Debug\link.6620.write.1.tlog
U:\Algo Geometrique\OPENGL\startingcode\myproj\Debug\link.5772-rc.read.1.tlog
U:\Algo Geometrique\OPENGL\startingcode\myproj\Debug\link.5772-rc.write.1.tlog
U:\Algo Geometrique\OPENGL\startingcode\myproj\Debug\link.5772-cvtres.read.1.tlog
U:\Algo Geometrique\OPENGL\startingcode\myproj\Debug\link.5772-cvtres.write.1.tlog
U:\Algo Geometrique\OPENGL\startingcode\myproj\Debug\link.5772.read.1.tlog
U:\Algo Geometrique\OPENGL\startingcode\myproj\Debug\link.5772.write.1.tlog
U:\Algo Geometrique\OPENGL\startingcode\myproj\Debug\myproj.pch
U:\Algo Geometrique\OPENGL\startingcode\myproj\Debug\vc110.idb
U:\Algo Geometrique\OPENGL\startingcode\myproj\Debug\vc110.pdb
U:\Algo Geometrique\OPENGL\startingcode\Debug\myproj.pdb
U:\Algo Geometrique\OPENGL\startingcode\Debug\myproj.exe
U:\Algo Geometrique\OPENGL\startingcode\Debug\myproj.ilk
